<?xml version="1.0" encoding="utf-8"?><testsuites name="pytest tests"><testsuite name="pytest" errors="0" failures="1" skipped="0" tests="19" time="7.706" timestamp="2026-04-25T01:30:07.959187+00:00" hostname="agent-env-61d36a53-5441-4c8b-b528-520e3701c6e2"><testcase classname="tests.backend_test.TestHealth" name="test_root" time="0.226" /><testcase classname="tests.backend_test.TestAuth" name="test_register_returns_user_and_sets_cookies" time="0.382" /><testcase classname="tests.backend_test.TestAuth" name="test_register_duplicate_email" time="0.516" /><testcase classname="tests.backend_test.TestAuth" name="test_login_admin_success" time="0.364" /><testcase classname="tests.backend_test.TestAuth" name="test_login_invalid_password" time="0.369" /><testcase classname="tests.backend_test.TestAuth" name="test_me_without_cookie_401" time="0.115" /><testcase classname="tests.backend_test.TestAuth" name="test_me_with_cookie_returns_user" time="0.391" /><testcase classname="tests.backend_test.TestAuth" name="test_logout_clears_cookies" time="0.473" /><testcase classname="tests.backend_test.TestAuth" name="test_brute_force_lockout" time="2.891"><failure message="AssertionError: expected 429 after brute force, got 401&#10;assert (&lt;Response [401]&gt; is not None and 401 == 429)&#10; +  where 401 = &lt;Response [401]&gt;.status_code">tests/backend_test.py:117: in test_brute_force_lockout
    assert last is not None and last.status_code == 429, f"expected 429 after brute force, got {last.status_code}"
E   AssertionError: expected 429 after brute force, got 401
E   assert (&lt;Response [401]&gt; is not None and 401 == 429)
E    +  where 401 = &lt;Response [401]&gt;.status_code</failure></testcase><testcase classname="tests.backend_test.TestMetrics" name="test_metrics_requires_auth" time="0.118" /><testcase classname="tests.backend_test.TestMetrics" name="test_metrics_shape" time="0.053" /><testcase classname="tests.backend_test.TestMetrics" name="test_metrics_unique_per_user" time="0.456" /><testcase classname="tests.backend_test.TestUploads" name="test_seeded_four_uploads" time="0.061" /><testcase classname="tests.backend_test.TestUploads" name="test_uploads_isolated_per_user" time="0.114" /><testcase classname="tests.backend_test.TestUploads" name="test_create_upload_persists" time="0.119" /><testcase classname="tests.backend_test.TestUploads" name="test_delete_other_users_upload_returns_404" time="0.115" /><testcase classname="tests.backend_test.TestUploads" name="test_delete_own_upload" time="0.220" /><testcase classname="tests.backend_test.TestFavorites" name="test_add_list_remove" time="0.378" /><testcase classname="tests.backend_test.TestDBSanity" name="test_bcrypt_hash_format_and_unique_index" time="0.076" /></testsuite></testsuites>